<?xml version="1.0" encoding="UTF-8"?>
<testng-results skipped="0" failed="1" ignored="0" total="3" passed="2">
  <reporter-output>
  </reporter-output>
  <suite name="Suite" duration-ms="37315" started-at="2021-03-29T15:43:58 IST" finished-at="2021-03-29T15:44:35 IST">
    <groups>
    </groups>
    <test name="Test" duration-ms="59" started-at="2021-03-29T15:43:58 IST" finished-at="2021-03-29T15:43:58 IST">
      <class name="Assignment.BasicTestNG">
        <test-method status="PASS" signature="beforeTest()[pri:0, instance:Assignment.BasicTestNG@3d0f8e03]" name="beforeTest" is-config="true" duration-ms="0" started-at="2021-03-29T15:43:58 IST" finished-at="2021-03-29T15:43:58 IST">
          <reporter-output>
          </reporter-output>
        </test-method> <!-- beforeTest -->
        <test-method status="PASS" signature="beforeClass()[pri:0, instance:Assignment.BasicTestNG@3d0f8e03]" name="beforeClass" is-config="true" duration-ms="1" started-at="2021-03-29T15:43:58 IST" finished-at="2021-03-29T15:43:58 IST">
          <reporter-output>
          </reporter-output>
        </test-method> <!-- beforeClass -->
        <test-method status="PASS" signature="beforeMethod()[pri:0, instance:Assignment.BasicTestNG@3d0f8e03]" name="beforeMethod" is-config="true" duration-ms="0" started-at="2021-03-29T15:43:58 IST" finished-at="2021-03-29T15:43:58 IST">
          <reporter-output>
          </reporter-output>
        </test-method> <!-- beforeMethod -->
        <test-method status="PASS" signature="f()[pri:0, instance:Assignment.BasicTestNG@3d0f8e03]" name="f" duration-ms="9" started-at="2021-03-29T15:43:58 IST" finished-at="2021-03-29T15:43:58 IST">
          <reporter-output>
          </reporter-output>
        </test-method> <!-- f -->
        <test-method status="PASS" signature="afterMethod()[pri:0, instance:Assignment.BasicTestNG@3d0f8e03]" name="afterMethod" is-config="true" duration-ms="0" started-at="2021-03-29T15:43:58 IST" finished-at="2021-03-29T15:43:58 IST">
          <reporter-output>
          </reporter-output>
        </test-method> <!-- afterMethod -->
        <test-method status="PASS" signature="beforeMethod()[pri:0, instance:Assignment.BasicTestNG@3d0f8e03]" name="beforeMethod" is-config="true" duration-ms="1" started-at="2021-03-29T15:43:58 IST" finished-at="2021-03-29T15:43:58 IST">
          <reporter-output>
          </reporter-output>
        </test-method> <!-- beforeMethod -->
        <test-method status="PASS" signature="f1()[pri:0, instance:Assignment.BasicTestNG@3d0f8e03]" name="f1" duration-ms="2" started-at="2021-03-29T15:43:58 IST" finished-at="2021-03-29T15:43:58 IST">
          <reporter-output>
          </reporter-output>
        </test-method> <!-- f1 -->
        <test-method status="PASS" signature="afterMethod()[pri:0, instance:Assignment.BasicTestNG@3d0f8e03]" name="afterMethod" is-config="true" duration-ms="0" started-at="2021-03-29T15:43:58 IST" finished-at="2021-03-29T15:43:58 IST">
          <reporter-output>
          </reporter-output>
        </test-method> <!-- afterMethod -->
        <test-method status="PASS" signature="afterClass()[pri:0, instance:Assignment.BasicTestNG@3d0f8e03]" name="afterClass" is-config="true" duration-ms="0" started-at="2021-03-29T15:43:58 IST" finished-at="2021-03-29T15:43:58 IST">
          <reporter-output>
          </reporter-output>
        </test-method> <!-- afterClass -->
        <test-method status="PASS" signature="afterTest()[pri:0, instance:Assignment.BasicTestNG@3d0f8e03]" name="afterTest" is-config="true" duration-ms="0" started-at="2021-03-29T15:43:58 IST" finished-at="2021-03-29T15:43:58 IST">
          <reporter-output>
          </reporter-output>
        </test-method> <!-- afterTest -->
      </class> <!-- Assignment.BasicTestNG -->
    </test> <!-- Test -->
    <test name="Test1" duration-ms="37212" started-at="2021-03-29T15:43:58 IST" finished-at="2021-03-29T15:44:35 IST">
      <class name="Assignment.BasicTestNG">
        <test-method status="PASS" signature="beforeSuite()[pri:0, instance:Assignment.BasicTestNG@3d0f8e03]" name="beforeSuite" is-config="true" duration-ms="11" started-at="2021-03-29T15:43:58 IST" finished-at="2021-03-29T15:43:58 IST">
          <reporter-output>
          </reporter-output>
        </test-method> <!-- beforeSuite -->
        <test-method status="PASS" signature="afterSuite()[pri:0, instance:Assignment.BasicTestNG@3d0f8e03]" name="afterSuite" is-config="true" duration-ms="1" started-at="2021-03-29T15:44:35 IST" finished-at="2021-03-29T15:44:35 IST">
          <reporter-output>
          </reporter-output>
        </test-method> <!-- afterSuite -->
      </class> <!-- Assignment.BasicTestNG -->
      <class name="Assignment.NewTest1">
        <test-method status="PASS" signature="beforeTest()[pri:0, instance:Assignment.NewTest1@32464a14]" name="beforeTest" is-config="true" duration-ms="13983" started-at="2021-03-29T15:43:58 IST" finished-at="2021-03-29T15:44:12 IST">
          <reporter-output>
          </reporter-output>
        </test-method> <!-- beforeTest -->
        <test-method status="FAIL" signature="f()[pri:0, instance:Assignment.NewTest1@32464a14]" name="f" duration-ms="23208" started-at="2021-03-29T15:44:12 IST" finished-at="2021-03-29T15:44:35 IST">
          <exception class="org.openqa.selenium.NoSuchElementException">
            <message>
              <![CDATA[no such element: Unable to locate element: {"method":"xpath","selector":"//h1[@class='GLOBAL__gm2-headline-5 section-hero-header-title-title']"}
  (Session info: chrome=89.0.4389.90)
For documentation on this error, please visit: https://www.seleniumhq.org/exceptions/no_such_element.html
Build info: version: '3.141.59', revision: 'e82be7d358', time: '2018-11-14T08:25:48'
System info: host: 'GHXST', ip: '192.168.10.8', os.name: 'Windows 10', os.arch: 'amd64', os.version: '10.0', java.version: '1.8.0_221'
Driver info: org.openqa.selenium.chrome.ChromeDriver
Capabilities {acceptInsecureCerts: false, browserName: chrome, browserVersion: 89.0.4389.90, chrome: {chromedriverVersion: 88.0.4324.96 (68dba2d8a0b14..., userDataDir: C:\Users\Saket\AppData\Loca...}, goog:chromeOptions: {debuggerAddress: localhost:64137}, javascriptEnabled: true, networkConnectionEnabled: false, pageLoadStrategy: normal, platform: WINDOWS, platformName: WINDOWS, proxy: Proxy(), setWindowRect: true, strictFileInteractability: false, timeouts: {implicit: 0, pageLoad: 300000, script: 30000}, unhandledPromptBehavior: dismiss and notify, webauthn:extension:largeBlob: true, webauthn:virtualAuthenticators: true}
Session ID: 9a5d19327fcff10338a64f8696a2a0b6
*** Element info: {Using=xpath, value=//h1[@class='GLOBAL__gm2-headline-5 section-hero-header-title-title']}]]>
            </message>
            <full-stacktrace>
              <![CDATA[org.openqa.selenium.NoSuchElementException: no such element: Unable to locate element: {"method":"xpath","selector":"//h1[@class='GLOBAL__gm2-headline-5 section-hero-header-title-title']"}
  (Session info: chrome=89.0.4389.90)
For documentation on this error, please visit: https://www.seleniumhq.org/exceptions/no_such_element.html
Build info: version: '3.141.59', revision: 'e82be7d358', time: '2018-11-14T08:25:48'
System info: host: 'GHXST', ip: '192.168.10.8', os.name: 'Windows 10', os.arch: 'amd64', os.version: '10.0', java.version: '1.8.0_221'
Driver info: org.openqa.selenium.chrome.ChromeDriver
Capabilities {acceptInsecureCerts: false, browserName: chrome, browserVersion: 89.0.4389.90, chrome: {chromedriverVersion: 88.0.4324.96 (68dba2d8a0b14..., userDataDir: C:\Users\Saket\AppData\Loca...}, goog:chromeOptions: {debuggerAddress: localhost:64137}, javascriptEnabled: true, networkConnectionEnabled: false, pageLoadStrategy: normal, platform: WINDOWS, platformName: WINDOWS, proxy: Proxy(), setWindowRect: true, strictFileInteractability: false, timeouts: {implicit: 0, pageLoad: 300000, script: 30000}, unhandledPromptBehavior: dismiss and notify, webauthn:extension:largeBlob: true, webauthn:virtualAuthenticators: true}
Session ID: 9a5d19327fcff10338a64f8696a2a0b6
*** Element info: {Using=xpath, value=//h1[@class='GLOBAL__gm2-headline-5 section-hero-header-title-title']}
at sun.reflect.NativeConstructorAccessorImpl.newInstance0(Native Method)
at sun.reflect.NativeConstructorAccessorImpl.newInstance(NativeConstructorAccessorImpl.java:62)
at sun.reflect.DelegatingConstructorAccessorImpl.newInstance(DelegatingConstructorAccessorImpl.java:45)
at java.lang.reflect.Constructor.newInstance(Constructor.java:423)
at org.openqa.selenium.remote.http.W3CHttpResponseCodec.createException(W3CHttpResponseCodec.java:187)
at org.openqa.selenium.remote.http.W3CHttpResponseCodec.decode(W3CHttpResponseCodec.java:122)
at org.openqa.selenium.remote.http.W3CHttpResponseCodec.decode(W3CHttpResponseCodec.java:49)
at org.openqa.selenium.remote.HttpCommandExecutor.execute(HttpCommandExecutor.java:158)
at org.openqa.selenium.remote.service.DriverCommandExecutor.execute(DriverCommandExecutor.java:83)
at org.openqa.selenium.remote.RemoteWebDriver.execute(RemoteWebDriver.java:552)
at org.openqa.selenium.remote.RemoteWebDriver.findElement(RemoteWebDriver.java:323)
at org.openqa.selenium.remote.RemoteWebDriver.findElementByXPath(RemoteWebDriver.java:428)
at org.openqa.selenium.By$ByXPath.findElement(By.java:353)
at org.openqa.selenium.remote.RemoteWebDriver.findElement(RemoteWebDriver.java:315)
at Assignment.NewTest1.f(NewTest1.java:30)
at sun.reflect.NativeMethodAccessorImpl.invoke0(Native Method)
at sun.reflect.NativeMethodAccessorImpl.invoke(NativeMethodAccessorImpl.java:62)
at sun.reflect.DelegatingMethodAccessorImpl.invoke(DelegatingMethodAccessorImpl.java:43)
at java.lang.reflect.Method.invoke(Method.java:498)
at org.testng.internal.MethodInvocationHelper.invokeMethod(MethodInvocationHelper.java:132)
at org.testng.internal.TestInvoker.invokeMethod(TestInvoker.java:599)
at org.testng.internal.TestInvoker.invokeTestMethod(TestInvoker.java:174)
at org.testng.internal.MethodRunner.runInSequence(MethodRunner.java:46)
at org.testng.internal.TestInvoker$MethodInvocationAgent.invoke(TestInvoker.java:822)
at org.testng.internal.TestInvoker.invokeTestMethods(TestInvoker.java:147)
at org.testng.internal.TestMethodWorker.invokeTestMethods(TestMethodWorker.java:146)
at org.testng.internal.TestMethodWorker.run(TestMethodWorker.java:128)
at java.util.ArrayList.forEach(ArrayList.java:1257)
at org.testng.TestRunner.privateRun(TestRunner.java:764)
at org.testng.TestRunner.run(TestRunner.java:585)
at org.testng.SuiteRunner.runTest(SuiteRunner.java:384)
at org.testng.SuiteRunner.runSequentially(SuiteRunner.java:378)
at org.testng.SuiteRunner.privateRun(SuiteRunner.java:337)
at org.testng.SuiteRunner.run(SuiteRunner.java:286)
at org.testng.SuiteRunnerWorker.runSuite(SuiteRunnerWorker.java:53)
at org.testng.SuiteRunnerWorker.run(SuiteRunnerWorker.java:96)
at org.testng.TestNG.runSuitesSequentially(TestNG.java:1218)
at org.testng.TestNG.runSuitesLocally(TestNG.java:1140)
at org.testng.TestNG.runSuites(TestNG.java:1069)
at org.testng.TestNG.run(TestNG.java:1037)
at org.testng.remote.AbstractRemoteTestNG.run(AbstractRemoteTestNG.java:115)
at org.testng.remote.RemoteTestNG.initAndRun(RemoteTestNG.java:251)
at org.testng.remote.RemoteTestNG.main(RemoteTestNG.java:77)
]]>
            </full-stacktrace>
          </exception> <!-- org.openqa.selenium.NoSuchElementException -->
          <reporter-output>
          </reporter-output>
        </test-method> <!-- f -->
        <test-method status="PASS" signature="afterTest()[pri:0, instance:Assignment.NewTest1@32464a14]" name="afterTest" is-config="true" duration-ms="0" started-at="2021-03-29T15:44:35 IST" finished-at="2021-03-29T15:44:35 IST">
          <reporter-output>
          </reporter-output>
        </test-method> <!-- afterTest -->
      </class> <!-- Assignment.NewTest1 -->
    </test> <!-- Test1 -->
  </suite> <!-- Suite -->
</testng-results>
