<?xml version="1.0" encoding="UTF-8"?>
<!-- Generated by org.testng.reporters.JUnitXMLReporter -->
<testsuite hostname="Infva06932" ignored="2" name="OracleTestGroup" tests="2" failures="0" timestamp="04 Jul 2019 10:20:49 GMT" time="8.826" errors="0">
  <testcase name="OpenURL" time="1.34" classname="com.ltil.day5.OracleTest"/>
  <testcase name="LoginProcess" time="3.557" classname="com.ltil.day5.OracleTest"/>
  <testcase name="LoginPageLinks" time="0.0" classname="com.ltil.day5.OracleTest">
    <ignored/>
  </testcase> <!-- LoginPageLinks -->
  <testcase name="HomePageLinks" time="0.0" classname="com.ltil.day5.OracleTest">
    <ignored/>
  </testcase> <!-- HomePageLinks -->
</testsuite> <!-- OracleTestGroup -->
