<?xml version="1.0" encoding="UTF-8"?>
<!-- Generated by org.testng.reporters.JUnitXMLReporter -->
<testsuite hostname="Infva06932" ignored="2" name="testingGroup" tests="2" failures="0" timestamp="04 Jul 2019 07:05:08 GMT" time="0.042" errors="0">
  <testcase name="f2" time="0.012" classname="com.lti.day6.GroupExample"/>
  <testcase name="f4" time="0.002" classname="com.lti.day6.GroupExample"/>
  <testcase name="f1" time="0.0" classname="com.lti.day6.GroupExample">
    <ignored/>
  </testcase> <!-- f1 -->
  <testcase name="f" time="0.0" classname="com.lti.day6.GroupExample">
    <ignored/>
  </testcase> <!-- f -->
</testsuite> <!-- testingGroup -->
